2025-05-28 23:01:30,299 - INFO - ************************LEYENDO PDFS************************
2025-05-28 23:01:30,299 - INFO - ************************FINALIZANDO PDFS************************
2025-05-28 23:01:30,299 - INFO - ************************INICIA EXTRACCIÓN TEXTO************************
2025-05-28 23:01:32,497 - WARNING - Failed to see startup log message; retrying...
2025-05-28 23:01:51,875 - INFO - ************************FINALIZA EXTRACCIÓN TEXTO************************
2025-05-28 23:01:51,875 - INFO - ************************INICIA EXTRACCIÓN FECHA************************
2025-05-28 23:01:51,877 - INFO - ************************FINALIZA EXTRACCIÓN FECHA************************
2025-05-28 23:01:51,877 - INFO - ************************INICIO SEPARACIÓN DE NOTICIAS************************
2025-05-28 23:01:51,877 - INFO - ************************PROCESANDO TEXTO BLOQUE POR BLOQUE************************
2025-05-28 23:01:51,881 - INFO - ************************COMIENZA LLAMADA A GEMMA PARA BLOQUE 1************************
2025-05-28 23:01:51,881 - INFO - ************************CONSTRUCCIÓN DE PROMPT************************
2025-05-28 23:01:51,885 - INFO - ************************INICIO EJECUCIÓN DE LA LLAMADA************************
2025-05-28 23:07:36,535 - INFO - ************************TERMINA LLAMADA A GEMMA PARA BLOQUE 1************************
2025-05-28 23:07:36,538 - INFO - ************************COMIENZA LLAMADA A GEMMA PARA BLOQUE 2************************
2025-05-28 23:07:36,538 - INFO - ************************CONSTRUCCIÓN DE PROMPT************************
2025-05-28 23:07:36,540 - INFO - ************************INICIO EJECUCIÓN DE LA LLAMADA************************
2025-05-28 23:13:36,289 - INFO - ************************TERMINA LLAMADA A GEMMA PARA BLOQUE 2************************
2025-05-28 23:13:36,291 - INFO - ************************COMIENZA LLAMADA A GEMMA PARA BLOQUE 3************************
2025-05-28 23:13:36,291 - INFO - ************************CONSTRUCCIÓN DE PROMPT************************
2025-05-28 23:13:36,294 - INFO - ************************INICIO EJECUCIÓN DE LA LLAMADA************************
