2025-05-28 00:06:25,432 - INFO - ************************LEYENDO PDFS************************
2025-05-28 00:06:25,433 - INFO - ************************FINALIZANDO PDFS************************
2025-05-28 00:06:25,433 - INFO - ************************INICIA EXTRACCIÓN TEXTO************************
2025-05-28 00:06:32,220 - INFO - ************************FINALIZA EXTRACCIÓN TEXTO************************
2025-05-28 00:06:32,220 - INFO - ************************INICIA EXTRACCIÓN FECHA************************
2025-05-28 00:06:32,220 - INFO - ************************FINALIZA EXTRACCIÓN FECHA************************
2025-05-28 00:06:32,221 - INFO - ************************INICIO SEPARACIÓN DE NOTICIAS************************
2025-05-28 00:06:32,221 - INFO - ************************PROCESANDO TEXTO BLOQUE POR BLOQUE************************
2025-05-28 00:06:32,223 - INFO - ************************COMIENZA LLAMADA A GEMMA PARA BLOQUE 1************************
2025-05-28 00:06:32,223 - INFO - ************************CONSTRUCCIÓN DE PROMPT************************
2025-05-28 00:06:32,223 - INFO - ************************INICIO EJECUCIÓN DE LA LLAMADA************************
2025-05-28 00:10:50,891 - INFO - ************************TERMINA LLAMADA A GEMMA PARA BLOQUE 1************************
2025-05-28 00:10:50,897 - INFO - ************************COMIENZA LLAMADA A GEMMA PARA BLOQUE 2************************
2025-05-28 00:10:50,897 - INFO - ************************CONSTRUCCIÓN DE PROMPT************************
2025-05-28 00:10:50,897 - INFO - ************************INICIO EJECUCIÓN DE LA LLAMADA************************
2025-05-28 00:15:59,497 - INFO - ************************TERMINA LLAMADA A GEMMA PARA BLOQUE 2************************
2025-05-28 00:15:59,500 - INFO - ************************COMIENZA LLAMADA A GEMMA PARA BLOQUE 3************************
2025-05-28 00:15:59,500 - INFO - ************************CONSTRUCCIÓN DE PROMPT************************
2025-05-28 00:15:59,500 - INFO - ************************INICIO EJECUCIÓN DE LA LLAMADA************************
2025-05-28 00:19:46,873 - INFO - ************************TERMINA LLAMADA A GEMMA PARA BLOQUE 3************************
2025-05-28 00:19:46,877 - INFO - ************************COMIENZA LLAMADA A GEMMA PARA BLOQUE 4************************
2025-05-28 00:19:46,877 - INFO - ************************CONSTRUCCIÓN DE PROMPT************************
2025-05-28 00:19:46,877 - INFO - ************************INICIO EJECUCIÓN DE LA LLAMADA************************
2025-05-28 00:25:15,229 - INFO - ************************TERMINA LLAMADA A GEMMA PARA BLOQUE 4************************
2025-05-28 00:25:15,232 - INFO - ************************COMIENZA LLAMADA A GEMMA PARA BLOQUE 5************************
2025-05-28 00:25:15,232 - INFO - ************************CONSTRUCCIÓN DE PROMPT************************
2025-05-28 00:25:15,232 - INFO - ************************INICIO EJECUCIÓN DE LA LLAMADA************************
2025-05-28 00:29:32,699 - INFO - ************************TERMINA LLAMADA A GEMMA PARA BLOQUE 5************************
2025-05-28 00:29:32,703 - INFO - ************************COMIENZA LLAMADA A GEMMA PARA BLOQUE 6************************
2025-05-28 00:29:32,703 - INFO - ************************CONSTRUCCIÓN DE PROMPT************************
2025-05-28 00:29:32,704 - INFO - ************************INICIO EJECUCIÓN DE LA LLAMADA************************
2025-05-28 00:34:16,671 - INFO - ************************TERMINA LLAMADA A GEMMA PARA BLOQUE 6************************
2025-05-28 00:34:16,676 - INFO - ************************COMIENZA LLAMADA A GEMMA PARA BLOQUE 7************************
2025-05-28 00:34:16,676 - INFO - ************************CONSTRUCCIÓN DE PROMPT************************
2025-05-28 00:34:16,676 - INFO - ************************INICIO EJECUCIÓN DE LA LLAMADA************************
2025-05-28 00:39:10,668 - INFO - ************************TERMINA LLAMADA A GEMMA PARA BLOQUE 7************************
2025-05-28 00:39:10,672 - INFO - ************************COMIENZA LLAMADA A GEMMA PARA BLOQUE 8************************
2025-05-28 00:39:10,672 - INFO - ************************CONSTRUCCIÓN DE PROMPT************************
2025-05-28 00:39:10,672 - INFO - ************************INICIO EJECUCIÓN DE LA LLAMADA************************
2025-05-28 00:44:20,392 - INFO - ************************TERMINA LLAMADA A GEMMA PARA BLOQUE 8************************
2025-05-28 00:44:20,397 - INFO - ************************COMIENZA LLAMADA A GEMMA PARA BLOQUE 9************************
2025-05-28 00:44:20,397 - INFO - ************************CONSTRUCCIÓN DE PROMPT************************
2025-05-28 00:44:20,397 - INFO - ************************INICIO EJECUCIÓN DE LA LLAMADA************************
2025-05-28 00:50:38,452 - INFO - ************************TERMINA LLAMADA A GEMMA PARA BLOQUE 9************************
2025-05-28 00:50:38,454 - INFO - ************************COMIENZA LLAMADA A GEMMA PARA BLOQUE 10************************
2025-05-28 00:50:38,454 - INFO - ************************CONSTRUCCIÓN DE PROMPT************************
2025-05-28 00:50:38,454 - INFO - ************************INICIO EJECUCIÓN DE LA LLAMADA************************
2025-05-28 00:55:08,311 - INFO - ************************TERMINA LLAMADA A GEMMA PARA BLOQUE 10************************
2025-05-28 00:55:08,316 - INFO - ************************COMIENZA LLAMADA A GEMMA PARA BLOQUE 11************************
2025-05-28 00:55:08,316 - INFO - ************************CONSTRUCCIÓN DE PROMPT************************
2025-05-28 00:55:08,316 - INFO - ************************INICIO EJECUCIÓN DE LA LLAMADA************************
2025-05-28 00:59:54,076 - INFO - ************************TERMINA LLAMADA A GEMMA PARA BLOQUE 11************************
2025-05-28 00:59:54,079 - INFO - ************************COMIENZA LLAMADA A GEMMA PARA BLOQUE 12************************
2025-05-28 00:59:54,080 - INFO - ************************CONSTRUCCIÓN DE PROMPT************************
2025-05-28 00:59:54,080 - INFO - ************************INICIO EJECUCIÓN DE LA LLAMADA************************
2025-05-28 01:06:34,597 - INFO - ************************TERMINA LLAMADA A GEMMA PARA BLOQUE 12************************
2025-05-28 01:06:34,601 - INFO - ************************COMIENZA LLAMADA A GEMMA PARA BLOQUE 13************************
2025-05-28 01:06:34,601 - INFO - ************************CONSTRUCCIÓN DE PROMPT************************
2025-05-28 01:06:34,601 - INFO - ************************INICIO EJECUCIÓN DE LA LLAMADA************************
2025-05-28 01:10:48,586 - INFO - ************************TERMINA LLAMADA A GEMMA PARA BLOQUE 13************************
2025-05-28 01:10:48,589 - INFO - ************************COMIENZA LLAMADA A GEMMA PARA BLOQUE 14************************
2025-05-28 01:10:48,589 - INFO - ************************CONSTRUCCIÓN DE PROMPT************************
2025-05-28 01:10:48,589 - INFO - ************************INICIO EJECUCIÓN DE LA LLAMADA************************
2025-05-28 01:15:25,128 - INFO - ************************TERMINA LLAMADA A GEMMA PARA BLOQUE 14************************
2025-05-28 01:15:25,131 - INFO - ************************COMIENZA LLAMADA A GEMMA PARA BLOQUE 15************************
2025-05-28 01:15:25,131 - INFO - ************************CONSTRUCCIÓN DE PROMPT************************
2025-05-28 01:15:25,131 - INFO - ************************INICIO EJECUCIÓN DE LA LLAMADA************************
2025-05-28 01:19:48,183 - INFO - ************************TERMINA LLAMADA A GEMMA PARA BLOQUE 15************************
2025-05-28 01:19:48,187 - INFO - ************************COMIENZA LLAMADA A GEMMA PARA BLOQUE 16************************
2025-05-28 01:19:48,187 - INFO - ************************CONSTRUCCIÓN DE PROMPT************************
2025-05-28 01:19:48,187 - INFO - ************************INICIO EJECUCIÓN DE LA LLAMADA************************
2025-05-28 01:25:18,698 - INFO - ************************TERMINA LLAMADA A GEMMA PARA BLOQUE 16************************
2025-05-28 01:25:18,713 - INFO - ************************COMIENZA LLAMADA A GEMMA PARA BLOQUE 17************************
2025-05-28 01:25:18,713 - INFO - ************************CONSTRUCCIÓN DE PROMPT************************
2025-05-28 01:25:18,713 - INFO - ************************INICIO EJECUCIÓN DE LA LLAMADA************************
2025-05-28 01:30:56,553 - INFO - ************************TERMINA LLAMADA A GEMMA PARA BLOQUE 17************************
2025-05-28 01:30:56,568 - INFO - ************************COMIENZA LLAMADA A GEMMA PARA BLOQUE 18************************
2025-05-28 01:30:56,568 - INFO - ************************CONSTRUCCIÓN DE PROMPT************************
2025-05-28 01:30:56,568 - INFO - ************************INICIO EJECUCIÓN DE LA LLAMADA************************
2025-05-28 01:36:53,185 - INFO - ************************TERMINA LLAMADA A GEMMA PARA BLOQUE 18************************
2025-05-28 01:36:53,199 - INFO - ************************COMIENZA LLAMADA A GEMMA PARA BLOQUE 19************************
2025-05-28 01:36:53,199 - INFO - ************************CONSTRUCCIÓN DE PROMPT************************
2025-05-28 01:36:53,199 - INFO - ************************INICIO EJECUCIÓN DE LA LLAMADA************************
2025-05-28 01:43:09,246 - INFO - ************************TERMINA LLAMADA A GEMMA PARA BLOQUE 19************************
2025-05-28 01:43:09,269 - INFO - ************************COMIENZA LLAMADA A GEMMA PARA BLOQUE 20************************
2025-05-28 01:43:09,270 - INFO - ************************CONSTRUCCIÓN DE PROMPT************************
2025-05-28 01:43:09,270 - INFO - ************************INICIO EJECUCIÓN DE LA LLAMADA************************
2025-05-28 01:47:33,555 - INFO - ************************TERMINA LLAMADA A GEMMA PARA BLOQUE 20************************
2025-05-28 01:47:33,576 - INFO - ************************COMIENZA LLAMADA A GEMMA PARA BLOQUE 21************************
2025-05-28 01:47:33,576 - INFO - ************************CONSTRUCCIÓN DE PROMPT************************
2025-05-28 01:47:33,576 - INFO - ************************INICIO EJECUCIÓN DE LA LLAMADA************************
2025-05-28 01:52:50,488 - INFO - ************************TERMINA LLAMADA A GEMMA PARA BLOQUE 21************************
2025-05-28 01:52:50,491 - INFO - ************************COMIENZA LLAMADA A GEMMA PARA BLOQUE 22************************
2025-05-28 01:52:50,491 - INFO - ************************CONSTRUCCIÓN DE PROMPT************************
2025-05-28 01:52:50,491 - INFO - ************************INICIO EJECUCIÓN DE LA LLAMADA************************
2025-05-28 01:57:13,228 - INFO - ************************TERMINA LLAMADA A GEMMA PARA BLOQUE 22************************
2025-05-28 01:57:13,232 - INFO - ************************COMIENZA LLAMADA A GEMMA PARA BLOQUE 23************************
2025-05-28 01:57:13,232 - INFO - ************************CONSTRUCCIÓN DE PROMPT************************
2025-05-28 01:57:13,232 - INFO - ************************INICIO EJECUCIÓN DE LA LLAMADA************************
2025-05-28 02:01:47,400 - INFO - ************************TERMINA LLAMADA A GEMMA PARA BLOQUE 23************************
2025-05-28 02:01:47,408 - INFO - ************************COMIENZA LLAMADA A GEMMA PARA BLOQUE 24************************
2025-05-28 02:01:47,408 - INFO - ************************CONSTRUCCIÓN DE PROMPT************************
2025-05-28 02:01:47,408 - INFO - ************************INICIO EJECUCIÓN DE LA LLAMADA************************
2025-05-28 02:06:33,491 - INFO - ************************TERMINA LLAMADA A GEMMA PARA BLOQUE 24************************
2025-05-28 02:06:33,491 - INFO - ************************SEPARACIÓN TEXTO BLOQUE POR BLOQUE FINALIZADO************************
2025-05-28 02:06:33,496 - INFO - ************************FORMATEO JSON INICIADO************************
2025-05-28 02:06:33,502 - INFO - ************************FORMATEO JSON FINALIZADO************************
