2025-05-29 00:08:12,372 - INFO - ************************LEYENDO PDFS************************
2025-05-29 00:08:12,372 - INFO - ************************FINALIZANDO PDFS************************
2025-05-29 00:08:12,372 - INFO - ************************INICIA EXTRACCIÓN TEXTO************************
2025-05-29 00:08:14,512 - WARNING - Failed to see startup log message; retrying...
2025-05-29 00:08:27,554 - INFO - ************************FINALIZA EXTRACCIÓN TEXTO************************
2025-05-29 00:08:27,555 - INFO - ************************INICIA EXTRACCIÓN FECHA************************
2025-05-29 00:08:27,556 - INFO - ************************FINALIZA EXTRACCIÓN FECHA************************
2025-05-29 00:08:27,557 - INFO - ************************INICIO SEPARACIÓN DE NOTICIAS************************
2025-05-29 00:08:27,557 - INFO - ************************PROCESANDO TEXTO BLOQUE POR BLOQUE************************
2025-05-29 00:08:27,558 - INFO - ************************COMIENZA LLAMADA A GEMMA PARA BLOQUE 1************************
2025-05-29 00:08:27,558 - INFO - ************************CONSTRUCCIÓN DE PROMPT************************
2025-05-29 00:08:27,560 - INFO - ************************INICIO EJECUCIÓN DE LA LLAMADA************************
2025-05-29 00:13:49,877 - INFO - ************************TERMINA LLAMADA A GEMMA PARA BLOQUE 1************************
2025-05-29 00:13:49,879 - INFO - ************************COMIENZA LLAMADA A GEMMA PARA BLOQUE 2************************
2025-05-29 00:13:49,879 - INFO - ************************CONSTRUCCIÓN DE PROMPT************************
2025-05-29 00:13:49,881 - INFO - ************************INICIO EJECUCIÓN DE LA LLAMADA************************
2025-05-29 00:27:02,742 - INFO - ************************TERMINA LLAMADA A GEMMA PARA BLOQUE 2************************
2025-05-29 00:27:02,743 - INFO - ************************COMIENZA LLAMADA A GEMMA PARA BLOQUE 3************************
2025-05-29 00:27:02,743 - INFO - ************************CONSTRUCCIÓN DE PROMPT************************
2025-05-29 00:27:02,746 - INFO - ************************INICIO EJECUCIÓN DE LA LLAMADA************************
