2025-05-28 21:26:45,903 - INFO - ************************LEYENDO PDFS************************
2025-05-28 21:26:45,903 - INFO - ************************FINALIZANDO PDFS************************
2025-05-28 21:26:45,903 - INFO - ************************INICIA EXTRACCIÓN TEXTO************************
2025-05-28 21:26:48,251 - WARNING - Failed to see startup log message; retrying...
2025-05-28 21:27:05,414 - INFO - ************************FINALIZA EXTRACCIÓN TEXTO************************
2025-05-28 21:27:05,414 - INFO - ************************INICIA EXTRACCIÓN FECHA************************
2025-05-28 21:27:05,416 - INFO - ************************FINALIZA EXTRACCIÓN FECHA************************
2025-05-28 21:27:05,416 - INFO - ************************INICIO SEPARACIÓN DE NOTICIAS************************
2025-05-28 21:27:05,416 - INFO - ************************PROCESANDO TEXTO BLOQUE POR BLOQUE************************
2025-05-28 21:27:05,424 - INFO - ************************COMIENZA LLAMADA A GEMMA PARA BLOQUE 1************************
2025-05-28 21:27:05,425 - INFO - ************************CONSTRUCCIÓN DE PROMPT************************
2025-05-28 21:27:05,425 - INFO - ************************INICIO EJECUCIÓN DE LA LLAMADA************************
2025-05-28 21:32:09,410 - INFO - ************************TERMINA LLAMADA A GEMMA PARA BLOQUE 1************************
2025-05-28 21:32:09,434 - INFO - ************************COMIENZA LLAMADA A GEMMA PARA BLOQUE 2************************
2025-05-28 21:32:09,434 - INFO - ************************CONSTRUCCIÓN DE PROMPT************************
2025-05-28 21:32:09,434 - INFO - ************************INICIO EJECUCIÓN DE LA LLAMADA************************
2025-05-28 21:36:52,459 - INFO - ************************TERMINA LLAMADA A GEMMA PARA BLOQUE 2************************
2025-05-28 21:36:52,477 - INFO - ************************COMIENZA LLAMADA A GEMMA PARA BLOQUE 3************************
2025-05-28 21:36:52,477 - INFO - ************************CONSTRUCCIÓN DE PROMPT************************
2025-05-28 21:36:52,477 - INFO - ************************INICIO EJECUCIÓN DE LA LLAMADA************************
