2025-05-24 11:30:21,759 - INFO - ************************LEYENDO PDFS************************
2025-05-24 11:30:21,760 - INFO - ************************FINALIZANDO PDFS************************
2025-05-24 11:30:21,760 - INFO - ************************INICIO EXTRACCIÓN DE TEXTO************************
2025-05-24 11:30:44,911 - INFO - ************************PROCESANDO TEXTO BLOQUE POR BLOQUE************************
2025-05-24 11:30:44,911 - INFO - ************************Procesando bloque 1************************
2025-05-24 11:30:44,912 - INFO - ************************COMIENZA LLAMADA A GEMMA PARA BLOQUE 1************************
2025-05-24 11:30:44,916 - INFO - ************************CONSTRUCCIÓN DE PROMPT************************
2025-05-24 11:30:44,916 - INFO - ************************INICIO EJECUCIÓN DE LA LLAMADA************************
2025-05-24 11:36:24,622 - INFO - ************************TERMINA LLAMADA A GEMMA PARA BLOQUE 1************************
2025-05-24 11:36:24,624 - INFO - ************************Procesando bloque 2************************
2025-05-24 11:36:24,624 - INFO - ************************COMIENZA LLAMADA A GEMMA PARA BLOQUE 2************************
2025-05-24 11:36:24,624 - INFO - ************************CONSTRUCCIÓN DE PROMPT************************
2025-05-24 11:36:24,624 - INFO - ************************INICIO EJECUCIÓN DE LA LLAMADA************************
2025-05-24 11:40:17,424 - INFO - ************************TERMINA LLAMADA A GEMMA PARA BLOQUE 2************************
2025-05-24 11:40:17,425 - INFO - ************************Procesando bloque 3************************
2025-05-24 11:40:17,425 - INFO - ************************COMIENZA LLAMADA A GEMMA PARA BLOQUE 3************************
2025-05-24 11:40:17,425 - INFO - ************************CONSTRUCCIÓN DE PROMPT************************
2025-05-24 11:40:17,425 - INFO - ************************INICIO EJECUCIÓN DE LA LLAMADA************************
2025-05-24 11:46:08,107 - INFO - ************************TERMINA LLAMADA A GEMMA PARA BLOQUE 3************************
2025-05-24 11:46:08,108 - INFO - ************************Procesando bloque 4************************
2025-05-24 11:46:08,108 - INFO - ************************COMIENZA LLAMADA A GEMMA PARA BLOQUE 4************************
2025-05-24 11:46:08,108 - INFO - ************************CONSTRUCCIÓN DE PROMPT************************
2025-05-24 11:46:08,108 - INFO - ************************INICIO EJECUCIÓN DE LA LLAMADA************************
2025-05-24 11:50:05,623 - INFO - ************************TERMINA LLAMADA A GEMMA PARA BLOQUE 4************************
2025-05-24 11:50:05,624 - INFO - ************************Procesando bloque 5************************
2025-05-24 11:50:05,624 - INFO - ************************COMIENZA LLAMADA A GEMMA PARA BLOQUE 5************************
2025-05-24 11:50:05,624 - INFO - ************************CONSTRUCCIÓN DE PROMPT************************
2025-05-24 11:50:05,624 - INFO - ************************INICIO EJECUCIÓN DE LA LLAMADA************************
2025-05-24 11:55:35,063 - INFO - ************************TERMINA LLAMADA A GEMMA PARA BLOQUE 5************************
2025-05-24 11:55:35,065 - INFO - ************************Procesando bloque 6************************
2025-05-24 11:55:35,065 - INFO - ************************COMIENZA LLAMADA A GEMMA PARA BLOQUE 6************************
2025-05-24 11:55:35,065 - INFO - ************************CONSTRUCCIÓN DE PROMPT************************
2025-05-24 11:55:35,065 - INFO - ************************INICIO EJECUCIÓN DE LA LLAMADA************************
2025-05-24 11:59:27,164 - INFO - ************************TERMINA LLAMADA A GEMMA PARA BLOQUE 6************************
2025-05-24 11:59:27,165 - INFO - ************************Procesando bloque 7************************
2025-05-24 11:59:27,165 - INFO - ************************COMIENZA LLAMADA A GEMMA PARA BLOQUE 7************************
2025-05-24 11:59:27,165 - INFO - ************************CONSTRUCCIÓN DE PROMPT************************
2025-05-24 11:59:27,165 - INFO - ************************INICIO EJECUCIÓN DE LA LLAMADA************************
2025-05-24 12:04:10,408 - INFO - ************************TERMINA LLAMADA A GEMMA PARA BLOQUE 7************************
2025-05-24 12:04:10,409 - INFO - ************************Procesando bloque 8************************
2025-05-24 12:04:10,409 - INFO - ************************COMIENZA LLAMADA A GEMMA PARA BLOQUE 8************************
2025-05-24 12:04:10,409 - INFO - ************************CONSTRUCCIÓN DE PROMPT************************
2025-05-24 12:04:10,409 - INFO - ************************INICIO EJECUCIÓN DE LA LLAMADA************************
2025-05-24 12:08:29,717 - INFO - ************************TERMINA LLAMADA A GEMMA PARA BLOQUE 8************************
2025-05-24 12:08:29,718 - INFO - ************************Procesando bloque 9************************
2025-05-24 12:08:29,719 - INFO - ************************COMIENZA LLAMADA A GEMMA PARA BLOQUE 9************************
2025-05-24 12:08:29,719 - INFO - ************************CONSTRUCCIÓN DE PROMPT************************
2025-05-24 12:08:29,719 - INFO - ************************INICIO EJECUCIÓN DE LA LLAMADA************************
2025-05-24 12:12:47,813 - INFO - ************************TERMINA LLAMADA A GEMMA PARA BLOQUE 9************************
2025-05-24 12:12:47,814 - INFO - ************************Procesando bloque 10************************
2025-05-24 12:12:47,814 - INFO - ************************COMIENZA LLAMADA A GEMMA PARA BLOQUE 10************************
2025-05-24 12:12:47,814 - INFO - ************************CONSTRUCCIÓN DE PROMPT************************
2025-05-24 12:12:47,814 - INFO - ************************INICIO EJECUCIÓN DE LA LLAMADA************************
2025-05-24 12:18:02,267 - INFO - ************************TERMINA LLAMADA A GEMMA PARA BLOQUE 10************************
2025-05-24 12:18:02,270 - INFO - ************************Procesando bloque 11************************
2025-05-24 12:18:02,270 - INFO - ************************COMIENZA LLAMADA A GEMMA PARA BLOQUE 11************************
2025-05-24 12:18:02,270 - INFO - ************************CONSTRUCCIÓN DE PROMPT************************
2025-05-24 12:18:02,270 - INFO - ************************INICIO EJECUCIÓN DE LA LLAMADA************************
2025-05-24 12:22:40,654 - INFO - ************************TERMINA LLAMADA A GEMMA PARA BLOQUE 11************************
2025-05-24 12:22:40,656 - INFO - ************************Procesando bloque 12************************
2025-05-24 12:22:40,656 - INFO - ************************COMIENZA LLAMADA A GEMMA PARA BLOQUE 12************************
2025-05-24 12:22:40,656 - INFO - ************************CONSTRUCCIÓN DE PROMPT************************
2025-05-24 12:22:40,656 - INFO - ************************INICIO EJECUCIÓN DE LA LLAMADA************************
2025-05-24 12:28:25,382 - INFO - ************************TERMINA LLAMADA A GEMMA PARA BLOQUE 12************************
2025-05-24 12:28:25,383 - INFO - ************************Procesando bloque 13************************
2025-05-24 12:28:25,384 - INFO - ************************COMIENZA LLAMADA A GEMMA PARA BLOQUE 13************************
2025-05-24 12:28:25,384 - INFO - ************************CONSTRUCCIÓN DE PROMPT************************
2025-05-24 12:28:25,384 - INFO - ************************INICIO EJECUCIÓN DE LA LLAMADA************************
2025-05-24 12:34:13,691 - INFO - ************************TERMINA LLAMADA A GEMMA PARA BLOQUE 13************************
2025-05-24 12:34:13,693 - INFO - ************************Procesando bloque 14************************
2025-05-24 12:34:13,693 - INFO - ************************COMIENZA LLAMADA A GEMMA PARA BLOQUE 14************************
2025-05-24 12:34:13,693 - INFO - ************************CONSTRUCCIÓN DE PROMPT************************
2025-05-24 12:34:13,694 - INFO - ************************INICIO EJECUCIÓN DE LA LLAMADA************************
2025-05-24 12:39:55,817 - INFO - ************************TERMINA LLAMADA A GEMMA PARA BLOQUE 14************************
2025-05-24 12:39:55,820 - INFO - ************************Procesando bloque 15************************
2025-05-24 12:39:55,821 - INFO - ************************COMIENZA LLAMADA A GEMMA PARA BLOQUE 15************************
2025-05-24 12:39:55,821 - INFO - ************************CONSTRUCCIÓN DE PROMPT************************
2025-05-24 12:39:55,821 - INFO - ************************INICIO EJECUCIÓN DE LA LLAMADA************************
2025-05-24 12:45:49,741 - INFO - ************************TERMINA LLAMADA A GEMMA PARA BLOQUE 15************************
2025-05-24 12:45:49,743 - INFO - ************************Procesando bloque 16************************
2025-05-24 12:45:49,743 - INFO - ************************COMIENZA LLAMADA A GEMMA PARA BLOQUE 16************************
2025-05-24 12:45:49,743 - INFO - ************************CONSTRUCCIÓN DE PROMPT************************
2025-05-24 12:45:49,743 - INFO - ************************INICIO EJECUCIÓN DE LA LLAMADA************************
2025-05-24 12:49:46,759 - INFO - ************************TERMINA LLAMADA A GEMMA PARA BLOQUE 16************************
2025-05-24 12:49:46,760 - INFO - ************************Procesando bloque 17************************
2025-05-24 12:49:46,760 - INFO - ************************COMIENZA LLAMADA A GEMMA PARA BLOQUE 17************************
2025-05-24 12:49:46,760 - INFO - ************************CONSTRUCCIÓN DE PROMPT************************
2025-05-24 12:49:46,760 - INFO - ************************INICIO EJECUCIÓN DE LA LLAMADA************************
2025-05-24 12:54:40,028 - INFO - ************************TERMINA LLAMADA A GEMMA PARA BLOQUE 17************************
2025-05-24 12:54:40,029 - INFO - ************************Procesando bloque 18************************
2025-05-24 12:54:40,030 - INFO - ************************COMIENZA LLAMADA A GEMMA PARA BLOQUE 18************************
2025-05-24 12:54:40,030 - INFO - ************************CONSTRUCCIÓN DE PROMPT************************
2025-05-24 12:54:40,030 - INFO - ************************INICIO EJECUCIÓN DE LA LLAMADA************************
2025-05-24 12:58:47,246 - INFO - ************************TERMINA LLAMADA A GEMMA PARA BLOQUE 18************************
2025-05-24 12:58:47,247 - INFO - ************************Procesando bloque 19************************
2025-05-24 12:58:47,248 - INFO - ************************COMIENZA LLAMADA A GEMMA PARA BLOQUE 19************************
2025-05-24 12:58:47,248 - INFO - ************************CONSTRUCCIÓN DE PROMPT************************
2025-05-24 12:58:47,248 - INFO - ************************INICIO EJECUCIÓN DE LA LLAMADA************************
2025-05-24 13:02:51,762 - INFO - ************************TERMINA LLAMADA A GEMMA PARA BLOQUE 19************************
2025-05-24 13:02:51,763 - INFO - ************************Procesando bloque 20************************
2025-05-24 13:02:51,763 - INFO - ************************COMIENZA LLAMADA A GEMMA PARA BLOQUE 20************************
2025-05-24 13:02:51,764 - INFO - ************************CONSTRUCCIÓN DE PROMPT************************
2025-05-24 13:02:51,764 - INFO - ************************INICIO EJECUCIÓN DE LA LLAMADA************************
2025-05-24 13:06:53,160 - INFO - ************************TERMINA LLAMADA A GEMMA PARA BLOQUE 20************************
2025-05-24 13:06:53,160 - INFO - ************************Procesando bloque 21************************
2025-05-24 13:06:53,161 - INFO - ************************COMIENZA LLAMADA A GEMMA PARA BLOQUE 21************************
2025-05-24 13:06:53,161 - INFO - ************************CONSTRUCCIÓN DE PROMPT************************
2025-05-24 13:06:53,161 - INFO - ************************INICIO EJECUCIÓN DE LA LLAMADA************************
2025-05-24 13:10:57,331 - INFO - ************************TERMINA LLAMADA A GEMMA PARA BLOQUE 21************************
2025-05-24 13:10:57,332 - INFO - ************************Procesando bloque 22************************
2025-05-24 13:10:57,332 - INFO - ************************COMIENZA LLAMADA A GEMMA PARA BLOQUE 22************************
2025-05-24 13:10:57,333 - INFO - ************************CONSTRUCCIÓN DE PROMPT************************
2025-05-24 13:10:57,333 - INFO - ************************INICIO EJECUCIÓN DE LA LLAMADA************************
2025-05-24 13:14:51,977 - INFO - ************************TERMINA LLAMADA A GEMMA PARA BLOQUE 22************************
2025-05-24 13:14:51,978 - INFO - ************************Procesando bloque 23************************
2025-05-24 13:14:51,978 - INFO - ************************COMIENZA LLAMADA A GEMMA PARA BLOQUE 23************************
2025-05-24 13:14:51,979 - INFO - ************************CONSTRUCCIÓN DE PROMPT************************
2025-05-24 13:14:51,979 - INFO - ************************INICIO EJECUCIÓN DE LA LLAMADA************************
2025-05-24 13:20:59,016 - INFO - ************************TERMINA LLAMADA A GEMMA PARA BLOQUE 23************************
2025-05-24 13:20:59,018 - INFO - ************************Procesando bloque 24************************
2025-05-24 13:20:59,019 - INFO - ************************COMIENZA LLAMADA A GEMMA PARA BLOQUE 24************************
2025-05-24 13:20:59,019 - INFO - ************************CONSTRUCCIÓN DE PROMPT************************
2025-05-24 13:20:59,019 - INFO - ************************INICIO EJECUCIÓN DE LA LLAMADA************************
2025-05-24 13:25:59,607 - INFO - ************************TERMINA LLAMADA A GEMMA PARA BLOQUE 24************************
2025-05-24 13:25:59,608 - INFO - ************************EXTRACCIÓN TEXTO BLOQUE POR BLOQUE FINALIZADO************************
2025-05-24 13:25:59,619 - INFO - ************************INICIA EXTRACCIÓN FECHA************************
2025-05-24 13:25:59,623 - INFO - ************************INICIO SEPARACIÓN DE NOTICIAS************************
2025-05-24 13:25:59,624 - INFO - ************************PROCESANDO TEXTO BLOQUE POR BLOQUE************************
2025-05-24 13:25:59,624 - INFO - ************************COMIENZA LLAMADA A GEMMA PARA BLOQUE 1************************
2025-05-24 13:25:59,624 - INFO - ************************CONSTRUCCIÓN DE PROMPT************************
2025-05-24 13:25:59,624 - INFO - ************************INICIO EJECUCIÓN DE LA LLAMADA************************
2025-05-24 13:29:10,820 - INFO - ************************TERMINA LLAMADA A GEMMA PARA BLOQUE 1************************
2025-05-24 13:29:10,821 - INFO - ************************COMIENZA LLAMADA A GEMMA PARA BLOQUE 2************************
2025-05-24 13:29:10,821 - INFO - ************************CONSTRUCCIÓN DE PROMPT************************
2025-05-24 13:29:10,821 - INFO - ************************INICIO EJECUCIÓN DE LA LLAMADA************************
2025-05-24 13:33:33,029 - INFO - ************************TERMINA LLAMADA A GEMMA PARA BLOQUE 2************************
2025-05-24 13:33:33,030 - INFO - ************************COMIENZA LLAMADA A GEMMA PARA BLOQUE 3************************
2025-05-24 13:33:33,030 - INFO - ************************CONSTRUCCIÓN DE PROMPT************************
2025-05-24 13:33:33,030 - INFO - ************************INICIO EJECUCIÓN DE LA LLAMADA************************
2025-05-24 13:37:48,770 - INFO - ************************TERMINA LLAMADA A GEMMA PARA BLOQUE 3************************
2025-05-24 13:37:48,771 - INFO - ************************COMIENZA LLAMADA A GEMMA PARA BLOQUE 4************************
2025-05-24 13:37:48,771 - INFO - ************************CONSTRUCCIÓN DE PROMPT************************
2025-05-24 13:37:48,771 - INFO - ************************INICIO EJECUCIÓN DE LA LLAMADA************************
2025-05-24 13:42:37,776 - INFO - ************************TERMINA LLAMADA A GEMMA PARA BLOQUE 4************************
2025-05-24 13:42:37,777 - INFO - ************************COMIENZA LLAMADA A GEMMA PARA BLOQUE 5************************
2025-05-24 13:42:37,777 - INFO - ************************CONSTRUCCIÓN DE PROMPT************************
2025-05-24 13:42:37,777 - INFO - ************************INICIO EJECUCIÓN DE LA LLAMADA************************
2025-05-24 13:45:29,366 - INFO - ************************TERMINA LLAMADA A GEMMA PARA BLOQUE 5************************
2025-05-24 13:45:29,367 - INFO - ************************COMIENZA LLAMADA A GEMMA PARA BLOQUE 6************************
2025-05-24 13:45:29,367 - INFO - ************************CONSTRUCCIÓN DE PROMPT************************
2025-05-24 13:45:29,367 - INFO - ************************INICIO EJECUCIÓN DE LA LLAMADA************************
2025-05-24 13:49:48,047 - INFO - ************************TERMINA LLAMADA A GEMMA PARA BLOQUE 6************************
2025-05-24 13:49:48,048 - INFO - ************************COMIENZA LLAMADA A GEMMA PARA BLOQUE 7************************
2025-05-24 13:49:48,048 - INFO - ************************CONSTRUCCIÓN DE PROMPT************************
2025-05-24 13:49:48,048 - INFO - ************************INICIO EJECUCIÓN DE LA LLAMADA************************
2025-05-24 13:54:23,468 - INFO - ************************TERMINA LLAMADA A GEMMA PARA BLOQUE 7************************
2025-05-24 13:54:23,470 - INFO - ************************COMIENZA LLAMADA A GEMMA PARA BLOQUE 8************************
2025-05-24 13:54:23,470 - INFO - ************************CONSTRUCCIÓN DE PROMPT************************
2025-05-24 13:54:23,470 - INFO - ************************INICIO EJECUCIÓN DE LA LLAMADA************************
2025-05-24 13:58:37,274 - INFO - ************************TERMINA LLAMADA A GEMMA PARA BLOQUE 8************************
2025-05-24 13:58:37,275 - INFO - ************************COMIENZA LLAMADA A GEMMA PARA BLOQUE 9************************
2025-05-24 13:58:37,275 - INFO - ************************CONSTRUCCIÓN DE PROMPT************************
2025-05-24 13:58:37,275 - INFO - ************************INICIO EJECUCIÓN DE LA LLAMADA************************
2025-05-24 14:01:49,735 - INFO - ************************TERMINA LLAMADA A GEMMA PARA BLOQUE 9************************
2025-05-24 14:01:49,736 - INFO - ************************COMIENZA LLAMADA A GEMMA PARA BLOQUE 10************************
2025-05-24 14:01:49,736 - INFO - ************************CONSTRUCCIÓN DE PROMPT************************
2025-05-24 14:01:49,736 - INFO - ************************INICIO EJECUCIÓN DE LA LLAMADA************************
2025-05-24 14:03:51,597 - INFO - ************************TERMINA LLAMADA A GEMMA PARA BLOQUE 10************************
2025-05-24 14:03:51,598 - INFO - ************************COMIENZA LLAMADA A GEMMA PARA BLOQUE 11************************
2025-05-24 14:03:51,598 - INFO - ************************CONSTRUCCIÓN DE PROMPT************************
2025-05-24 14:03:51,598 - INFO - ************************INICIO EJECUCIÓN DE LA LLAMADA************************
2025-05-24 14:06:37,364 - INFO - ************************TERMINA LLAMADA A GEMMA PARA BLOQUE 11************************
2025-05-24 14:06:37,365 - INFO - ************************COMIENZA LLAMADA A GEMMA PARA BLOQUE 12************************
2025-05-24 14:06:37,365 - INFO - ************************CONSTRUCCIÓN DE PROMPT************************
2025-05-24 14:06:37,365 - INFO - ************************INICIO EJECUCIÓN DE LA LLAMADA************************
2025-05-24 14:11:29,622 - INFO - ************************TERMINA LLAMADA A GEMMA PARA BLOQUE 12************************
2025-05-24 14:11:29,623 - INFO - ************************SEPARACIÓN TEXTO BLOQUE POR BLOQUE FINALIZADO************************
2025-05-24 14:11:29,624 - INFO - ************************FORMATEO JSON INICIADO************************
2025-05-24 14:11:29,626 - INFO - ************************FORMATEO JSON FINALIZADO************************
