2025-05-29 00:34:57,335 - INFO - ************************LEYENDO PDFS************************
2025-05-29 00:34:57,335 - INFO - ************************FINALIZANDO PDFS************************
2025-05-29 00:34:57,335 - INFO - ************************INICIA EXTRACCIÓN TEXTO************************
2025-05-29 00:35:04,900 - INFO - ************************FINALIZA EXTRACCIÓN TEXTO************************
2025-05-29 00:35:04,900 - INFO - ************************INICIA EXTRACCIÓN FECHA************************
2025-05-29 00:35:04,901 - INFO - ************************FINALIZA EXTRACCIÓN FECHA************************
2025-05-29 00:35:04,905 - INFO - ************************INICIO SEPARACIÓN DE NOTICIAS************************
2025-05-29 00:35:04,905 - INFO - ************************PROCESANDO TEXTO BLOQUE POR BLOQUE************************
2025-05-29 00:35:04,906 - INFO - ************************COMIENZA LLAMADA A GEMMA PARA BLOQUE 1************************
2025-05-29 00:35:04,907 - INFO - ************************CONSTRUCCIÓN DE PROMPT************************
2025-05-29 00:35:04,908 - INFO - ************************INICIO EJECUCIÓN DE LA LLAMADA************************
2025-05-29 00:36:45,838 - INFO - HTTP Request: POST http://127.0.0.1:11434/api/chat "HTTP/1.1 200 OK"
2025-05-29 00:36:45,839 - INFO - ************************TERMINA LLAMADA A GEMMA PARA BLOQUE 1************************
2025-05-29 00:36:45,841 - INFO - ************************COMIENZA LLAMADA A GEMMA PARA BLOQUE 2************************
2025-05-29 00:36:45,841 - INFO - ************************CONSTRUCCIÓN DE PROMPT************************
2025-05-29 00:36:45,843 - INFO - ************************INICIO EJECUCIÓN DE LA LLAMADA************************
2025-05-29 00:41:57,017 - INFO - HTTP Request: POST http://127.0.0.1:11434/api/chat "HTTP/1.1 200 OK"
2025-05-29 00:41:57,019 - INFO - ************************TERMINA LLAMADA A GEMMA PARA BLOQUE 2************************
2025-05-29 00:41:57,021 - INFO - ************************COMIENZA LLAMADA A GEMMA PARA BLOQUE 3************************
2025-05-29 00:41:57,021 - INFO - ************************CONSTRUCCIÓN DE PROMPT************************
2025-05-29 00:41:57,023 - INFO - ************************INICIO EJECUCIÓN DE LA LLAMADA************************
2025-05-29 00:49:43,887 - INFO - HTTP Request: POST http://127.0.0.1:11434/api/chat "HTTP/1.1 200 OK"
2025-05-29 00:49:43,889 - INFO - ************************TERMINA LLAMADA A GEMMA PARA BLOQUE 3************************
2025-05-29 00:49:43,892 - INFO - ************************COMIENZA LLAMADA A GEMMA PARA BLOQUE 4************************
2025-05-29 00:49:43,892 - INFO - ************************CONSTRUCCIÓN DE PROMPT************************
2025-05-29 00:49:43,895 - INFO - ************************INICIO EJECUCIÓN DE LA LLAMADA************************
2025-05-29 00:53:23,478 - INFO - HTTP Request: POST http://127.0.0.1:11434/api/chat "HTTP/1.1 200 OK"
2025-05-29 00:53:23,479 - INFO - ************************TERMINA LLAMADA A GEMMA PARA BLOQUE 4************************
2025-05-29 00:53:23,481 - INFO - ************************COMIENZA LLAMADA A GEMMA PARA BLOQUE 5************************
2025-05-29 00:53:23,481 - INFO - ************************CONSTRUCCIÓN DE PROMPT************************
2025-05-29 00:53:23,484 - INFO - ************************INICIO EJECUCIÓN DE LA LLAMADA************************
