2025-05-24 10:39:24,031 - INFO - ************************LEYENDO PDFS************************
2025-05-24 10:39:24,032 - INFO - ************************FINALIZANDO PDFS************************
2025-05-24 10:39:24,032 - INFO - ************************INICIO EXTRACCIÓN DE TEXTO************************
2025-05-24 10:39:25,498 - INFO - ************************PROCESANDO TEXTO BLOQUE POR BLOQUE************************
2025-05-24 10:39:25,498 - INFO - ************************Procesando bloque 1************************
2025-05-24 10:39:25,498 - INFO - ************************COMIENZA LLAMADA A GEMMA PARA BLOQUE 1************************
2025-05-24 10:39:25,498 - INFO - ************************CONSTRUCCIÓN DE PROMPT************************
2025-05-24 10:39:25,498 - INFO - ************************INICIO EJECUCIÓN DE LA LLAMADA************************
2025-05-24 10:44:04,575 - INFO - ************************TERMINA LLAMADA A GEMMA PARA BLOQUE 1************************
2025-05-24 10:44:04,577 - INFO - ************************Procesando bloque 2************************
2025-05-24 10:44:04,577 - INFO - ************************COMIENZA LLAMADA A GEMMA PARA BLOQUE 2************************
2025-05-24 10:44:04,577 - INFO - ************************CONSTRUCCIÓN DE PROMPT************************
2025-05-24 10:44:04,577 - INFO - ************************INICIO EJECUCIÓN DE LA LLAMADA************************
2025-05-24 10:47:46,659 - INFO - ************************TERMINA LLAMADA A GEMMA PARA BLOQUE 2************************
2025-05-24 10:47:46,660 - INFO - ************************Procesando bloque 3************************
2025-05-24 10:47:46,660 - INFO - ************************COMIENZA LLAMADA A GEMMA PARA BLOQUE 3************************
2025-05-24 10:47:46,660 - INFO - ************************CONSTRUCCIÓN DE PROMPT************************
2025-05-24 10:47:46,660 - INFO - ************************INICIO EJECUCIÓN DE LA LLAMADA************************
2025-05-24 10:52:52,125 - INFO - ************************TERMINA LLAMADA A GEMMA PARA BLOQUE 3************************
2025-05-24 10:52:52,126 - INFO - ************************Procesando bloque 4************************
2025-05-24 10:52:52,127 - INFO - ************************COMIENZA LLAMADA A GEMMA PARA BLOQUE 4************************
2025-05-24 10:52:52,127 - INFO - ************************CONSTRUCCIÓN DE PROMPT************************
2025-05-24 10:52:52,127 - INFO - ************************INICIO EJECUCIÓN DE LA LLAMADA************************
2025-05-24 10:57:02,131 - INFO - ************************TERMINA LLAMADA A GEMMA PARA BLOQUE 4************************
2025-05-24 10:57:02,131 - INFO - ************************Procesando bloque 5************************
2025-05-24 10:57:02,132 - INFO - ************************COMIENZA LLAMADA A GEMMA PARA BLOQUE 5************************
2025-05-24 10:57:02,132 - INFO - ************************CONSTRUCCIÓN DE PROMPT************************
2025-05-24 10:57:02,132 - INFO - ************************INICIO EJECUCIÓN DE LA LLAMADA************************
2025-05-24 11:01:11,765 - INFO - ************************TERMINA LLAMADA A GEMMA PARA BLOQUE 5************************
2025-05-24 11:01:11,767 - INFO - ************************Procesando bloque 6************************
2025-05-24 11:01:11,767 - INFO - ************************COMIENZA LLAMADA A GEMMA PARA BLOQUE 6************************
2025-05-24 11:01:11,767 - INFO - ************************CONSTRUCCIÓN DE PROMPT************************
2025-05-24 11:01:11,767 - INFO - ************************INICIO EJECUCIÓN DE LA LLAMADA************************
2025-05-24 11:05:06,574 - INFO - ************************TERMINA LLAMADA A GEMMA PARA BLOQUE 6************************
2025-05-24 11:05:06,574 - INFO - ************************EXTRACCIÓN TEXTO BLOQUE POR BLOQUE FINALIZADO************************
2025-05-24 11:05:06,574 - INFO - ************************INICIA EXTRACCIÓN FECHA************************
2025-05-24 11:05:06,580 - INFO - ************************INICIO SEPARACIÓN DE NOTICIAS************************
2025-05-24 11:05:06,580 - INFO - ************************PROCESANDO TEXTO BLOQUE POR BLOQUE************************
2025-05-24 11:05:06,580 - INFO - ************************COMIENZA LLAMADA A GEMMA PARA BLOQUE 1************************
2025-05-24 11:05:06,580 - INFO - ************************CONSTRUCCIÓN DE PROMPT************************
2025-05-24 11:05:06,580 - INFO - ************************INICIO EJECUCIÓN DE LA LLAMADA************************
2025-05-24 11:10:38,103 - INFO - ************************TERMINA LLAMADA A GEMMA PARA BLOQUE 1************************
2025-05-24 11:10:38,104 - INFO - ************************COMIENZA LLAMADA A GEMMA PARA BLOQUE 2************************
2025-05-24 11:10:38,104 - INFO - ************************CONSTRUCCIÓN DE PROMPT************************
2025-05-24 11:10:38,104 - INFO - ************************INICIO EJECUCIÓN DE LA LLAMADA************************
2025-05-24 11:13:55,718 - INFO - ************************TERMINA LLAMADA A GEMMA PARA BLOQUE 2************************
2025-05-24 11:13:55,719 - INFO - ************************COMIENZA LLAMADA A GEMMA PARA BLOQUE 3************************
2025-05-24 11:13:55,719 - INFO - ************************CONSTRUCCIÓN DE PROMPT************************
2025-05-24 11:13:55,719 - INFO - ************************INICIO EJECUCIÓN DE LA LLAMADA************************
2025-05-24 11:16:42,142 - INFO - ************************TERMINA LLAMADA A GEMMA PARA BLOQUE 3************************
2025-05-24 11:16:42,143 - INFO - ************************SEPARACIÓN TEXTO BLOQUE POR BLOQUE FINALIZADO************************
2025-05-24 11:16:42,143 - INFO - ************************FORMATEO JSON INICIADO************************
2025-05-24 11:16:42,144 - INFO - ************************FORMATEO JSON FINALIZADO************************
