2025-05-24 09:54:15,393 - INFO - ************************LEYENDO PDFS************************
2025-05-24 09:54:15,394 - INFO - ************************FINALIZANDO PDFS************************
2025-05-24 09:54:15,394 - INFO - ************************INICIO EXTRACCIÓN DE TEXTO************************
2025-05-24 09:54:17,206 - INFO - ************************PROCESANDO TEXTO BLOQUE POR BLOQUE************************
2025-05-24 09:54:17,206 - INFO - ************************Procesando bloque 1************************
2025-05-24 09:54:17,206 - INFO - ************************COMIENZA LLAMADA A GEMMA PARA BLOQUE 1************************
2025-05-24 09:54:17,206 - INFO - ************************CONSTRUCCIÓN DE PROMPT************************
2025-05-24 09:54:17,206 - INFO - ************************INICIO EJECUCIÓN DE LA LLAMADA************************
2025-05-24 10:00:10,924 - INFO - ************************TERMINA LLAMADA A GEMMA PARA BLOQUE 1************************
2025-05-24 10:00:10,926 - INFO - ************************Procesando bloque 2************************
2025-05-24 10:00:10,927 - INFO - ************************COMIENZA LLAMADA A GEMMA PARA BLOQUE 2************************
2025-05-24 10:00:10,927 - INFO - ************************CONSTRUCCIÓN DE PROMPT************************
2025-05-24 10:00:10,927 - INFO - ************************INICIO EJECUCIÓN DE LA LLAMADA************************
2025-05-24 10:04:08,806 - INFO - ************************TERMINA LLAMADA A GEMMA PARA BLOQUE 2************************
2025-05-24 10:04:08,806 - INFO - ************************Procesando bloque 3************************
2025-05-24 10:04:08,807 - INFO - ************************COMIENZA LLAMADA A GEMMA PARA BLOQUE 3************************
2025-05-24 10:04:08,807 - INFO - ************************CONSTRUCCIÓN DE PROMPT************************
2025-05-24 10:04:08,807 - INFO - ************************INICIO EJECUCIÓN DE LA LLAMADA************************
2025-05-24 10:10:30,980 - INFO - ************************TERMINA LLAMADA A GEMMA PARA BLOQUE 3************************
2025-05-24 10:10:30,982 - INFO - ************************Procesando bloque 4************************
2025-05-24 10:10:30,983 - INFO - ************************COMIENZA LLAMADA A GEMMA PARA BLOQUE 4************************
2025-05-24 10:10:30,984 - INFO - ************************CONSTRUCCIÓN DE PROMPT************************
2025-05-24 10:10:30,984 - INFO - ************************INICIO EJECUCIÓN DE LA LLAMADA************************
2025-05-24 10:14:51,170 - INFO - ************************TERMINA LLAMADA A GEMMA PARA BLOQUE 4************************
2025-05-24 10:14:51,171 - INFO - ************************Procesando bloque 5************************
2025-05-24 10:14:51,172 - INFO - ************************COMIENZA LLAMADA A GEMMA PARA BLOQUE 5************************
2025-05-24 10:14:51,172 - INFO - ************************CONSTRUCCIÓN DE PROMPT************************
2025-05-24 10:14:51,172 - INFO - ************************INICIO EJECUCIÓN DE LA LLAMADA************************
2025-05-24 10:19:27,399 - INFO - ************************TERMINA LLAMADA A GEMMA PARA BLOQUE 5************************
2025-05-24 10:19:27,401 - INFO - ************************Procesando bloque 6************************
2025-05-24 10:19:27,401 - INFO - ************************COMIENZA LLAMADA A GEMMA PARA BLOQUE 6************************
2025-05-24 10:19:27,401 - INFO - ************************CONSTRUCCIÓN DE PROMPT************************
2025-05-24 10:19:27,402 - INFO - ************************INICIO EJECUCIÓN DE LA LLAMADA************************
2025-05-24 10:22:53,235 - INFO - ************************TERMINA LLAMADA A GEMMA PARA BLOQUE 6************************
2025-05-24 10:22:53,236 - INFO - ************************EXTRACCIÓN TEXTO BLOQUE POR BLOQUE FINALIZADO************************
2025-05-24 10:22:53,249 - INFO - ************************INICIA EXTRACCIÓN FECHA************************
2025-05-24 10:22:53,254 - INFO - ************************FINALIZA EXTRACCIÓN FECHA************************
2025-05-24 10:22:53,254 - INFO - ************************INICIO SEPARACIÓN DE NOTICIAS************************
2025-05-24 10:22:53,255 - INFO - ************************PROCESANDO TEXTO BLOQUE POR BLOQUE************************
2025-05-24 10:22:53,255 - INFO - ************************COMIENZA LLAMADA A GEMMA PARA BLOQUE 1************************
2025-05-24 10:22:53,255 - INFO - ************************CONSTRUCCIÓN DE PROMPT************************
2025-05-24 10:22:53,255 - INFO - ************************INICIO EJECUCIÓN DE LA LLAMADA************************
2025-05-24 10:27:34,670 - INFO - ************************TERMINA LLAMADA A GEMMA PARA BLOQUE 1************************
2025-05-24 10:27:34,673 - INFO - ************************COMIENZA LLAMADA A GEMMA PARA BLOQUE 2************************
2025-05-24 10:27:34,673 - INFO - ************************CONSTRUCCIÓN DE PROMPT************************
2025-05-24 10:27:34,673 - INFO - ************************INICIO EJECUCIÓN DE LA LLAMADA************************
2025-05-24 10:32:28,414 - INFO - ************************TERMINA LLAMADA A GEMMA PARA BLOQUE 2************************
2025-05-24 10:32:28,416 - INFO - ************************COMIENZA LLAMADA A GEMMA PARA BLOQUE 3************************
2025-05-24 10:32:28,416 - INFO - ************************CONSTRUCCIÓN DE PROMPT************************
2025-05-24 10:32:28,417 - INFO - ************************INICIO EJECUCIÓN DE LA LLAMADA************************
2025-05-24 10:36:10,113 - INFO - ************************TERMINA LLAMADA A GEMMA PARA BLOQUE 3************************
2025-05-24 10:36:10,114 - INFO - ************************SEPARACIÓN TEXTO BLOQUE POR BLOQUE FINALIZADO************************
2025-05-24 10:36:10,115 - INFO - ************************FORMATEO JSON INICIADO************************
2025-05-24 10:36:10,121 - INFO - ************************FORMATEO JSON FINALIZADO************************
