2025-05-27 23:12:31,153 - INFO - ************************LEYENDO PDFS************************
2025-05-27 23:12:31,154 - INFO - ************************FINALIZANDO PDFS************************
2025-05-27 23:12:31,154 - INFO - ************************INICIA EXTRACCIÓN TEXTO************************
2025-05-27 23:12:45,763 - INFO - ************************FINALIZA EXTRACCIÓN TEXTO************************
2025-05-27 23:12:45,764 - INFO - ************************INICIA EXTRACCIÓN FECHA************************
2025-05-27 23:12:45,765 - INFO - ************************FINALIZA EXTRACCIÓN FECHA************************
2025-05-27 23:12:45,765 - INFO - ************************INICIO SEPARACIÓN DE NOTICIAS************************
2025-05-27 23:12:45,765 - INFO - ************************PROCESANDO TEXTO BLOQUE POR BLOQUE************************
2025-05-27 23:12:45,771 - INFO - ************************COMIENZA LLAMADA A GEMMA PARA BLOQUE 1************************
2025-05-27 23:12:45,771 - INFO - ************************CONSTRUCCIÓN DE PROMPT************************
2025-05-27 23:12:45,771 - INFO - ************************INICIO EJECUCIÓN DE LA LLAMADA************************
2025-05-27 23:17:43,414 - INFO - ************************TERMINA LLAMADA A GEMMA PARA BLOQUE 1************************
2025-05-27 23:17:43,419 - INFO - ************************COMIENZA LLAMADA A GEMMA PARA BLOQUE 2************************
2025-05-27 23:17:43,419 - INFO - ************************CONSTRUCCIÓN DE PROMPT************************
2025-05-27 23:17:43,419 - INFO - ************************INICIO EJECUCIÓN DE LA LLAMADA************************
2025-05-27 23:24:01,261 - INFO - ************************TERMINA LLAMADA A GEMMA PARA BLOQUE 2************************
2025-05-27 23:24:01,264 - INFO - ************************COMIENZA LLAMADA A GEMMA PARA BLOQUE 3************************
2025-05-27 23:24:01,264 - INFO - ************************CONSTRUCCIÓN DE PROMPT************************
2025-05-27 23:24:01,264 - INFO - ************************INICIO EJECUCIÓN DE LA LLAMADA************************
2025-05-27 23:28:28,780 - INFO - ************************TERMINA LLAMADA A GEMMA PARA BLOQUE 3************************
2025-05-27 23:28:28,785 - INFO - ************************COMIENZA LLAMADA A GEMMA PARA BLOQUE 4************************
2025-05-27 23:28:28,785 - INFO - ************************CONSTRUCCIÓN DE PROMPT************************
2025-05-27 23:28:28,785 - INFO - ************************INICIO EJECUCIÓN DE LA LLAMADA************************
2025-05-27 23:35:30,703 - INFO - ************************TERMINA LLAMADA A GEMMA PARA BLOQUE 4************************
2025-05-27 23:35:30,705 - INFO - ************************COMIENZA LLAMADA A GEMMA PARA BLOQUE 5************************
2025-05-27 23:35:30,705 - INFO - ************************CONSTRUCCIÓN DE PROMPT************************
2025-05-27 23:35:30,705 - INFO - ************************INICIO EJECUCIÓN DE LA LLAMADA************************
2025-05-27 23:39:42,884 - INFO - ************************TERMINA LLAMADA A GEMMA PARA BLOQUE 5************************
2025-05-27 23:39:42,888 - INFO - ************************COMIENZA LLAMADA A GEMMA PARA BLOQUE 6************************
2025-05-27 23:39:42,888 - INFO - ************************CONSTRUCCIÓN DE PROMPT************************
2025-05-27 23:39:42,888 - INFO - ************************INICIO EJECUCIÓN DE LA LLAMADA************************
2025-05-27 23:44:29,676 - INFO - ************************TERMINA LLAMADA A GEMMA PARA BLOQUE 6************************
2025-05-27 23:44:29,681 - INFO - ************************COMIENZA LLAMADA A GEMMA PARA BLOQUE 7************************
2025-05-27 23:44:29,681 - INFO - ************************CONSTRUCCIÓN DE PROMPT************************
2025-05-27 23:44:29,681 - INFO - ************************INICIO EJECUCIÓN DE LA LLAMADA************************
2025-05-27 23:50:37,416 - INFO - ************************TERMINA LLAMADA A GEMMA PARA BLOQUE 7************************
2025-05-27 23:50:37,420 - INFO - ************************COMIENZA LLAMADA A GEMMA PARA BLOQUE 8************************
2025-05-27 23:50:37,420 - INFO - ************************CONSTRUCCIÓN DE PROMPT************************
2025-05-27 23:50:37,420 - INFO - ************************INICIO EJECUCIÓN DE LA LLAMADA************************
2025-05-27 23:56:56,313 - INFO - ************************TERMINA LLAMADA A GEMMA PARA BLOQUE 8************************
2025-05-27 23:56:56,318 - INFO - ************************COMIENZA LLAMADA A GEMMA PARA BLOQUE 9************************
2025-05-27 23:56:56,318 - INFO - ************************CONSTRUCCIÓN DE PROMPT************************
2025-05-27 23:56:56,318 - INFO - ************************INICIO EJECUCIÓN DE LA LLAMADA************************
2025-05-28 00:03:29,171 - INFO - ************************TERMINA LLAMADA A GEMMA PARA BLOQUE 9************************
2025-05-28 00:03:29,173 - INFO - ************************COMIENZA LLAMADA A GEMMA PARA BLOQUE 10************************
2025-05-28 00:03:29,173 - INFO - ************************CONSTRUCCIÓN DE PROMPT************************
2025-05-28 00:03:29,173 - INFO - ************************INICIO EJECUCIÓN DE LA LLAMADA************************
